<?xml version="1.0" encoding="UTF-8"?>
<!-- Generated by org.testng.reporters.JUnitReportReporter -->
<testsuite hostname="EN911705" failures="0" tests="1" name="DataBase.DataBaseConnection" time="0.559" errors="0" timestamp="2022-01-28T14:12:55 COT" skipped="0">
  <testcase classname="DataBase.DataBaseConnection" name="dbConnection" time="0.559"/>
  <system-out/>
</testsuite> <!-- DataBase.DataBaseConnection -->
