<?xml version="1.0" encoding="UTF-8"?>
<!-- Generated by org.testng.reporters.JUnitReportReporter -->
<testsuite hostname="EN911705" failures="0" tests="1" name="PruralRestAssured.SerializationAndDeserialization.Test1" time="1.848" errors="0" timestamp="2022-05-17T19:29:56 COT" skipped="0">
  <testcase classname="PruralRestAssured.SerializationAndDeserialization.Test1" name="test" time="1.848"/>
  <system-out/>
</testsuite> <!-- PruralRestAssured.SerializationAndDeserialization.Test1 -->
