<?xml version="1.0" encoding="UTF-8"?>
<!-- Generated by org.testng.reporters.JUnitReportReporter -->
<testsuite hostname="EN911705" failures="0" tests="2" name="tests.TestsExamples" time="1.698" errors="0" timestamp="2022-01-05T15:38:54 COT" skipped="0">
  <testcase classname="tests.TestsExamples" name="test2" time="0.597"/>
  <system-out/>
  <testcase classname="tests.TestsExamples" name="test1" time="1.101"/>
  <system-out/>
</testsuite> <!-- tests.TestsExamples -->
