<?xml version="1.0" encoding="UTF-8"?>
<!-- Generated by org.testng.reporters.JUnitReportReporter -->
<testsuite hostname="EN911705" failures="0" tests="3" name="PruralRestAssured.Test1" time="0.006" errors="0" timestamp="2022-04-28T17:32:22 COT" skipped="2">
  <testcase classname="PruralRestAssured.Test1" name="chainingTest" time="0.006"/>
  <system-out/>
  <testcase classname="PruralRestAssured.Test1" name="someTestGet">
    <skipped/>
  </testcase> <!-- someTestGet -->
  <system-out/>
  <testcase classname="PruralRestAssured.Test1" name="someTestPost">
    <skipped/>
  </testcase> <!-- someTestPost -->
  <system-out/>
</testsuite> <!-- PruralRestAssured.Test1 -->
