<?xml version="1.0" encoding="UTF-8"?>
<!-- Generated by org.testng.reporters.JUnitReportReporter -->
<testsuite hostname="EN911705" failures="0" tests="4" name="PruralRestAssured.test2" time="2.583" errors="0" timestamp="2022-04-28T21:17:16 COT" skipped="0">
  <testcase classname="PruralRestAssured.test2" name="prettyPeek" time="0.373"/>
  <system-out/>
  <testcase classname="PruralRestAssured.test2" name="print" time="0.300"/>
  <system-out/>
  <testcase classname="PruralRestAssured.test2" name="peek" time="1.596"/>
  <system-out/>
  <testcase classname="PruralRestAssured.test2" name="prettyPrint" time="0.314"/>
  <system-out/>
</testsuite> <!-- PruralRestAssured.test2 -->
