<?xml version="1.0" encoding="UTF-8"?>
<!-- Generated by org.testng.reporters.JUnitReportReporter -->
<testsuite hostname="EN911705" failures="0" tests="4" name="tests.BasicValidationXML" time="3.171" errors="0" timestamp="2022-01-12T10:54:54 COT" skipped="0">
  <testcase classname="tests.BasicValidationXML" name="singleValidation" time="2.177"/>
  <system-out/>
  <testcase classname="tests.BasicValidationXML" name="multipleValidation" time="0.349"/>
  <system-out/>
  <testcase classname="tests.BasicValidationXML" name="testUsingXpath1" time="0.359"/>
  <system-out/>
  <testcase classname="tests.BasicValidationXML" name="testUsingXpath2" time="0.286"/>
  <system-out/>
</testsuite> <!-- tests.BasicValidationXML -->
