<?xml version="1.0" encoding="UTF-8"?>
<!-- Generated by org.testng.reporters.JUnitReportReporter -->
<testsuite hostname="EN911705" failures="0" tests="1" name="DataBase.DataBaseConnection" time="0.597" errors="0" timestamp="2022-04-08T09:50:24 COT" skipped="0">
  <testcase classname="DataBase.DataBaseConnection" name="dbConnection" time="0.597"/>
  <system-out/>
</testsuite> <!-- DataBase.DataBaseConnection -->
