<?xml version="1.0" encoding="UTF-8"?>
<!-- Generated by org.testng.reporters.JUnitReportReporter -->
<testsuite hostname="EN911705" failures="0" tests="4" name="tests.BasicValidationsTest" time="0.002" errors="0" timestamp="2022-03-28T14:52:26 COT" skipped="3">
  <testcase classname="tests.BasicValidationsTest" name="properties" time="0.002"/>
  <system-out/>
  <testcase classname="tests.BasicValidationsTest" name="testStatusCode">
    <skipped/>
  </testcase> <!-- testStatusCode -->
  <system-out/>
  <testcase classname="tests.BasicValidationsTest" name="logResponseTest">
    <skipped/>
  </testcase> <!-- logResponseTest -->
  <system-out/>
  <testcase classname="tests.BasicValidationsTest" name="logMultipleResponseTest">
    <skipped/>
  </testcase> <!-- logMultipleResponseTest -->
  <system-out/>
</testsuite> <!-- tests.BasicValidationsTest -->
